c:\users\swyzz\desktop\kylo\swyzzrecoded - crt\swyzzrecoded\x64\release\dllmain.obj
c:\users\swyzz\desktop\kylo\swyzzrecoded - crt\swyzzrecoded\x64\release\sdk.obj
c:\users\swyzz\desktop\kylo\swyzzrecoded - crt\swyzzrecoded\x64\release\hook.obj
c:\users\swyzz\desktop\kylo\swyzzrecoded - crt\swyzzrecoded\x64\release\offsetfinder.obj
c:\users\swyzz\desktop\kylo\swyzzrecoded - crt\swyzzrecoded\x64\release\functions.obj
c:\users\swyzz\desktop\kylo\swyzzrecoded - crt\swyzzrecoded\x64\release\mincrt.obj
c:\users\swyzz\desktop\kylo\swyzzrecoded - crt\swyzzrecoded\x64\release\gui.obj
c:\users\swyzz\desktop\kylo\swyzzrecoded - crt\swyzzrecoded\x64\release\driverutil.obj
c:\users\swyzz\desktop\kylo\swyzzrecoded - crt\swyzzrecoded\x64\release\core.obj
c:\users\swyzz\desktop\kylo\swyzzrecoded - crt\swyzzrecoded\x64\release\drawtransistion.obj
c:\users\swyzz\desktop\kylo\swyzzrecoded - crt\swyzzrecoded\x64\release\scanner.obj
c:\users\swyzz\desktop\kylo\swyzzrecoded - crt\swyzzrecoded\x64\release\vc143.pdb
c:\users\swyzz\desktop\kylo\rzchromasdk64.dll
c:\users\swyzz\desktop\kylo\rzchromasdk64.pdb
c:\users\swyzz\desktop\kylo\rzchromasdk64.map
c:\users\swyzz\desktop\kylo\rzchromasdk64.lib
c:\users\swyzz\desktop\kylo\rzchromasdk64.exp
c:\users\swyzz\desktop\kylo\swyzzrecoded - crt\swyzzrecoded\x64\release\swyzzrecoded.tlog\cl.command.1.tlog
c:\users\swyzz\desktop\kylo\swyzzrecoded - crt\swyzzrecoded\x64\release\swyzzrecoded.tlog\cl.items.tlog
c:\users\swyzz\desktop\kylo\swyzzrecoded - crt\swyzzrecoded\x64\release\swyzzrecoded.tlog\cl.read.1.tlog
c:\users\swyzz\desktop\kylo\swyzzrecoded - crt\swyzzrecoded\x64\release\swyzzrecoded.tlog\cl.write.1.tlog
c:\users\swyzz\desktop\kylo\swyzzrecoded - crt\swyzzrecoded\x64\release\swyzzrecoded.tlog\link.command.1.tlog
c:\users\swyzz\desktop\kylo\swyzzrecoded - crt\swyzzrecoded\x64\release\swyzzrecoded.tlog\link.read.1.tlog
c:\users\swyzz\desktop\kylo\swyzzrecoded - crt\swyzzrecoded\x64\release\swyzzrecoded.tlog\link.secondary.1.tlog
c:\users\swyzz\desktop\kylo\swyzzrecoded - crt\swyzzrecoded\x64\release\swyzzrecoded.tlog\link.write.1.tlog
